<?xml version="1.0" encoding="UTF-8"?>
<testng-results skipped="0" failed="0" total="1" passed="1">
  <reporter-output>
  </reporter-output>
  <suite name="Default suite" duration-ms="3180" started-at="2020-04-29T11:17:37Z" finished-at="2020-04-29T11:17:40Z">
    <groups>
    </groups>
    <test name="Default test" duration-ms="3180" started-at="2020-04-29T11:17:37Z" finished-at="2020-04-29T11:17:40Z">
      <class name="StaticJson">
        <test-method status="PASS" signature="addBook()[pri:0, instance:StaticJson@7a79be86]" name="addBook" duration-ms="3166" started-at="2020-04-29T16:47:37Z" finished-at="2020-04-29T16:47:40Z">
          <reporter-output>
          </reporter-output>
        </test-method> <!-- addBook -->
      </class> <!-- StaticJson -->
    </test> <!-- Default test -->
  </suite> <!-- Default suite -->
</testng-results>
